{
  "RSpec": {
    "coverage": {
      "/Users/nao58/dev/codewars/lib/kata001.rb": [
        1,
        1,
        6,
        null,
        null
      ],
      "/Users/nao58/dev/codewars/lib/kata002.rb": [
        1,
        1,
        0,
        0,
        0,
        0,
        0,
        0,
        0,
        null,
        0,
        null,
        null
      ],
      "/Users/nao58/dev/codewars/spec/lib/kata002_spec.rb": [
        1,
        null,
        1,
        1,
        null,
        null,
        null,
        null
      ]
    },
    "timestamp": 1395216276
  }
}
